Build started 2017/3/22 0:06:05.
     1>Project "F:\VS2012\Projects\PCF_tool\PCF_tool\PCF_tool.vcxproj" on node 2 (Build target(s)).
     1>ClCompile:
         C:\Program Files (x86)\Microsoft Visual Studio 11.0\VC\bin\x86_amd64\CL.exe /c /I"C:\Program Files\Siemens\NX 10.0\ugopen" /Zi /nologo /W3 /WX- /O2 /Ob1 /Oi /GL /D _CRT_SECURE_NO_WARNINGS /D _SECURE_SCL=0 /D _USRDLL /D _WINDLL /D _UNICODE /D UNICODE /D _AFXDLL /Gm- /EHsc /MD /GS /Gy /fp:precise /Zc:wchar_t /Zc:forScope /GR /Fo"x64\Release\\" /Fd"x64\Release\vc110.pdb" /Gd /TP /errorReport:prompt ufd_route_pcf_generation.cpp
         ufd_route_pcf_generation.cpp
     1>ufd_route_pcf_generation.cpp(46): warning C4101: 'ex' : unreferenced local variable
     1>ufd_route_pcf_generation.cpp(611): warning C4101: 'direction' : unreferenced local variable
     1>ufd_route_pcf_generation.cpp(610): warning C4101: 'label_coordinate' : unreferenced local variable
     1>ufd_route_pcf_generation.cpp(795): warning C4267: '=' : conversion from 'size_t' to 'int', possible loss of data
     1>ufd_route_pcf_generation.cpp(796): warning C4267: '=' : conversion from 'size_t' to 'int', possible loss of data
     1>ufd_route_pcf_generation.cpp(1993): warning C4267: 'argument' : conversion from 'size_t' to 'unsigned int', possible loss of data
     1>ufd_route_pcf_generation.cpp(2143): warning C4101: 'direction' : unreferenced local variable
     1>ufd_route_pcf_generation.cpp(3151): warning C4267: 'argument' : conversion from 'size_t' to 'unsigned int', possible loss of data
       Link:
         C:\Program Files (x86)\Microsoft Visual Studio 11.0\VC\bin\x86_amd64\link.exe /ERRORREPORT:PROMPT /OUT:"F:\VS2012\Projects\PCF_tool\x64\Release\/PCF_tool.dll" /INCREMENTAL:NO /NOLOGO /LIBPATH:"C:\Program Files\Siemens\NX 10.0\ugopen" libufun.lib libufun_cae.lib libufun_cam.lib libnxopencpp.lib libnxopencpp_annotations.lib libnxopencpp_assemblies.lib libnxopencpp_bodydes.lib libnxopencpp_cae.lib libnxopencpp_cam.lib libnxopencpp_diagramming.lib libnxopencpp_die.lib libnxopencpp_display.lib libnxopencpp_drafting.lib libnxopencpp_drawings.lib libnxopencpp_facet.lib libnxopencpp_features.lib libnxopencpp_fields.lib libnxopencpp_formboard.lib libnxopencpp_gateway.lib libnxopencpp_geometricanalysis.lib libnxopencpp_geometricutilities.lib libnxopencpp_issue.lib libnxopencpp_layer.lib libnxopencpp_layout2d.lib libnxopencpp_markup.lib libnxopencpp_mechatronics.lib libnxopencpp_modldirect.lib libnxopencpp_motion.lib libnxopencpp_optimization.lib libnxopencpp_options.lib libnxopencpp_partfamily.lib libnxopencpp_pdm.lib libnxopencpp_physmat.lib libnxopencpp_positioning.lib libnxopencpp_preferences.lib libnxopencpp_routing.lib libnxopencpp_shapesearch.lib libnxopencpp_sheetmetal.lib libnxopencpp_sim.lib libnxopencpp_tooling.lib libnxopencpp_userdefinedobjects.lib libnxopencpp_userdefinedtemplate.lib libnxopencpp_validate.lib libnxopencpp_visualreporting.lib libnxopencpp_weld.lib libugopenint.lib libugopenint_cae.lib libugopenint_cam.lib libnxopenuicpp.lib /MANIFEST /MANIFESTUAC:"level='asInvoker' uiAccess='false'" /manifest:embed /manifestinput:"C:\Program Files (x86)\Microsoft Visual Studio 11.0\VC\Include\Manifest\dpiaware.manifest" /DEBUG /PDB:"F:\VS2012\Projects\PCF_tool\x64\Release\PCF_tool.pdb" /SUBSYSTEM:CONSOLE /OPT:REF /OPT:ICF /LTCG /TLBID:1 /DYNAMICBASE /NXCOMPAT /IMPLIB:"F:\VS2012\Projects\PCF_tool\x64\Release\/PCF_tool.lib" /MACHINE:X64 /DLL x64\Release\PCF_tool.obj
         x64\Release\ufd_route_pcf_generation.obj
            Creating library F:\VS2012\Projects\PCF_tool\x64\Release\/PCF_tool.lib and object F:\VS2012\Projects\PCF_tool\x64\Release\/PCF_tool.exp
         Generating code
         Finished generating code
         PCF_tool.vcxproj -> F:\VS2012\Projects\PCF_tool\x64\Release\PCF_tool.dll
     1>Done Building Project "F:\VS2012\Projects\PCF_tool\PCF_tool\PCF_tool.vcxproj" (Build target(s)).

Build succeeded.

Time Elapsed 00:00:06.87
